Using pre-set license
Built from '2020.3/staging' branch; Version is '2020.3.16f1 (049d6eca3c44) revision 302446'; Using compiler version '192528614'; Build Type 'Release'
OS: 'Windows 10 Home; OS build 19043.1266; Version 2009; 64bit' Language: 'zh' Physical Memory: 15737 MB
BatchMode: 1, IsHumanControllingUs: 0, StartBugReporterOnCrash: 0, Is64bit: 1, IsPro: 0

 COMMAND LINE ARGUMENTS:
C:\Program Files\Unity\Hub\Editor\2020.3.16f1\Editor\Unity.exe
-adb2
-batchMode
-noUpm
-name
AssetImportWorker0
-projectPath
C:/Users/DELL/Documents/GitHub/Mutation-Elegy/Mutation Elegy
-logFile
Logs/AssetImportWorker0.log
-srvPort
58049
Successfully changed project path to: C:/Users/DELL/Documents/GitHub/Mutation-Elegy/Mutation Elegy
C:/Users/DELL/Documents/GitHub/Mutation-Elegy/Mutation Elegy
Using Asset Import Pipeline V2.
Refreshing native plugins compatible for Editor in 27.85 ms, found 2 plugins.
Preloading 0 native plugins for Editor in 0.00 ms.
Initialize engine version: 2020.3.16f1 (049d6eca3c44)
[Subsystems] Discovering subsystems at path C:/Program Files/Unity/Hub/Editor/2020.3.16f1/Editor/Data/Resources/UnitySubsystems
[Subsystems] Discovering subsystems at path C:/Users/DELL/Documents/GitHub/Mutation-Elegy/Mutation Elegy/Assets
GfxDevice: creating device client; threaded=0
Direct3D:
    Version:  Direct3D 11.0 [level 11.1]
    Renderer: AMD Radeon(TM) RX 5600M Series (ID=0x731f)
    Vendor:   
    VRAM:     6099 MB
    Driver:   27.20.11018.6002
Initialize mono
Mono path[0] = 'C:/Program Files/Unity/Hub/Editor/2020.3.16f1/Editor/Data/Managed'
Mono path[1] = 'C:/Program Files/Unity/Hub/Editor/2020.3.16f1/Editor/Data/MonoBleedingEdge/lib/mono/unityjit'
Mono config path = 'C:/Program Files/Unity/Hub/Editor/2020.3.16f1/Editor/Data/MonoBleedingEdge/etc'
Using monoOptions --debugger-agent=transport=dt_socket,embedding=1,server=y,suspend=n,address=127.0.0.1:56920
Begin MonoManager ReloadAssembly
Registering precompiled unity dll's ...
Register platform support module: C:/Program Files/Unity/Hub/Editor/2020.3.16f1/Editor/Data/PlaybackEngines/WebGLSupport/UnityEditor.WebGL.Extensions.dll
Register platform support module: C:/Program Files/Unity/Hub/Editor/2020.3.16f1/Editor/Data/PlaybackEngines/WindowsStandaloneSupport/UnityEditor.WindowsStandalone.Extensions.dll
Registered in 0.001876 seconds.
Native extension for WindowsStandalone target not found
Native extension for WebGL target not found
Refreshing native plugins compatible for Editor in 27.28 ms, found 2 plugins.
Preloading 0 native plugins for Editor in 0.00 ms.
Mono: successfully reloaded assembly
- Completed reload, in  1.528 seconds
Domain Reload Profiling:
	ReloadAssembly (1529ms)
		BeginReloadAssembly (44ms)
			ExecutionOrderSort (0ms)
			DisableScriptedObjects (0ms)
			BackupInstance (0ms)
			ReleaseScriptingObjects (0ms)
			CreateAndSetChildDomain (1ms)
		EndReloadAssembly (356ms)
			LoadAssemblies (43ms)
			RebuildTransferFunctionScriptingTraits (0ms)
			SetupTypeCache (128ms)
			ReleaseScriptCaches (0ms)
			RebuildScriptCaches (29ms)
			SetupLoadedEditorAssemblies (137ms)
				LogAssemblyErrors (0ms)
				InitializePlatformSupportModulesInManaged (4ms)
				SetLoadedEditorAssemblies (0ms)
				RefreshPlugins (27ms)
				BeforeProcessingInitializeOnLoad (15ms)
				ProcessInitializeOnLoadAttributes (67ms)
				ProcessInitializeOnLoadMethodAttributes (23ms)
				AfterProcessingInitializeOnLoad (0ms)
				EditorAssembliesLoaded (0ms)
			ExecutionOrderSort2 (0ms)
			AwakeInstancesAfterBackupRestoration (0ms)
Platform modules already initialized, skipping
Registering precompiled user dll's ...
Registered in 0.003073 seconds.
Begin MonoManager ReloadAssembly
Native extension for WindowsStandalone target not found
Native extension for WebGL target not found
Refreshing native plugins compatible for Editor in 0.33 ms, found 2 plugins.
Preloading 0 native plugins for Editor in 0.00 ms.
Mono: successfully reloaded assembly
- Completed reload, in  0.947 seconds
Domain Reload Profiling:
	ReloadAssembly (948ms)
		BeginReloadAssembly (125ms)
			ExecutionOrderSort (0ms)
			DisableScriptedObjects (4ms)
			BackupInstance (0ms)
			ReleaseScriptingObjects (0ms)
			CreateAndSetChildDomain (19ms)
		EndReloadAssembly (767ms)
			LoadAssemblies (71ms)
			RebuildTransferFunctionScriptingTraits (0ms)
			SetupTypeCache (231ms)
			ReleaseScriptCaches (0ms)
			RebuildScriptCaches (40ms)
			SetupLoadedEditorAssemblies (341ms)
				LogAssemblyErrors (0ms)
				InitializePlatformSupportModulesInManaged (5ms)
				SetLoadedEditorAssemblies (0ms)
				RefreshPlugins (0ms)
				BeforeProcessingInitializeOnLoad (69ms)
				ProcessInitializeOnLoadAttributes (257ms)
				ProcessInitializeOnLoadMethodAttributes (3ms)
				AfterProcessingInitializeOnLoad (5ms)
				EditorAssembliesLoaded (0ms)
			ExecutionOrderSort2 (0ms)
			AwakeInstancesAfterBackupRestoration (6ms)
Platform modules already initialized, skipping
========================================================================
Worker process is ready to serve import requests
Launched and connected shader compiler UnityShaderCompiler.exe after 0.08 seconds
Refreshing native plugins compatible for Editor in 0.33 ms, found 2 plugins.
Preloading 0 native plugins for Editor in 0.00 ms.
Unloading 1545 Unused Serialized files (Serialized files now loaded: 0)
System memory in use before: 69.8 MB.
System memory in use after: 69.8 MB.

Unloading 19 unused Assets to reduce memory usage. Loaded Objects now: 1978.
Total: 2.888600 ms (FindLiveObjects: 0.218100 ms CreateObjectMapping: 0.035700 ms MarkObjects: 2.546200 ms  DeleteObjects: 0.086800 ms)

AssetImportParameters requested are different than current active one (requested -> active):
  custom:framework-win-MediaFoundation: 216162199b28c13a410421893ffa2e32 -> 
  custom:video-decoder-ogg-theora: a1e56fd34408186e4bbccfd4996cb3dc -> 
  custom:container-muxer-webm: aa71ff27fc2769a1b78a27578f13a17b -> 
  custom:container-demuxer-webm: 4f35f7cbe854078d1ac9338744f61a02 -> 
  custom:container-demuxer-ogg: 62fdf1f143b41e24485cea50d1cbac27 -> 
  custom:video-encoder-webm-vp8: eb34c28f22e8b96e1ab97ce403110664 -> 
  custom:video-decoder-webm-vp8: 9c59270c3fd7afecdb556c50c9e8de78 -> 
  custom:audio-decoder-ogg-vorbis: bf7c407c2cedff20999df2af8eb42d56 -> 
  custom:audio-encoder-webm-vorbis: bf7c407c2cedff20999df2af8eb42d56 -> 
========================================================================
Received Import Request.
  path: Assets
  artifactKey: Guid(00000000000000001000000000000000) Importer(815301076,1909f56bfc062723c751e8b465ee728b)
Start importing Assets using Guid(00000000000000001000000000000000) Importer(815301076,1909f56bfc062723c751e8b465ee728b)  -> (artifact id: '42d402b061de3733987d63b9cc3b64de') in 0.011128 seconds 
  Import took 0.014444 seconds .

========================================================================
Received Import Request.
  Time since last request: 3.903562 seconds.
  path: Assets
  artifactKey: Guid(00000000000000001000000000000000) Importer(815301076,1909f56bfc062723c751e8b465ee728b)
Start importing Assets using Guid(00000000000000001000000000000000) Importer(815301076,1909f56bfc062723c751e8b465ee728b)  -> (artifact id: '42d402b061de3733987d63b9cc3b64de') in 0.003631 seconds 
  Import took 0.005938 seconds .

========================================================================
Received Import Request.
  Time since last request: 4.076139 seconds.
  path: Assets/Script
  artifactKey: Guid(ba80370306989a744930e3ca7449c412) Importer(815301076,1909f56bfc062723c751e8b465ee728b)
Start importing Assets/Script using Guid(ba80370306989a744930e3ca7449c412) Importer(815301076,1909f56bfc062723c751e8b465ee728b)  -> (artifact id: '537d75d4a1bc58f24fdf7488b29f18d4') in 0.008029 seconds 
  Import took 0.010892 seconds .

========================================================================
Received Import Request.
  Time since last request: 357.218525 seconds.
  path: Assets/Scenes
  artifactKey: Guid(7d6fd5c0f84e2c0488d5967d6f439dff) Importer(815301076,1909f56bfc062723c751e8b465ee728b)
Start importing Assets/Scenes using Guid(7d6fd5c0f84e2c0488d5967d6f439dff) Importer(815301076,1909f56bfc062723c751e8b465ee728b)  -> (artifact id: 'fa0bafad5765b5931cbe810d53fbb245') in 0.008713 seconds 
  Import took 0.011654 seconds .

========================================================================
Received Import Request.
  Time since last request: 17.483201 seconds.
  path: Assets/Scenes/SampleScene.unity
  artifactKey: Guid(9fc0d4010bbf28b4594072e72b8655ab) Importer(815301076,1909f56bfc062723c751e8b465ee728b)
Start importing Assets/Scenes/SampleScene.unity using Guid(9fc0d4010bbf28b4594072e72b8655ab) Importer(815301076,1909f56bfc062723c751e8b465ee728b)  -> (artifact id: '85059f4f9e1a832ed95adaa0d25c5c4c') in 0.015359 seconds 
  Import took 0.018066 seconds .

========================================================================
Received Import Request.
  Time since last request: 15.618457 seconds.
  path: Assets/Scenes/TestScene.unity
  artifactKey: Guid(9fc0d4010bbf28b4594072e72b8655ab) Importer(815301076,1909f56bfc062723c751e8b465ee728b)
Start importing Assets/Scenes/TestScene.unity using Guid(9fc0d4010bbf28b4594072e72b8655ab) Importer(815301076,1909f56bfc062723c751e8b465ee728b)  -> (artifact id: '7413b4377e59d6f4dee44f718c0cd3b4') in 0.008656 seconds 
  Import took 0.011322 seconds .

========================================================================
Received Import Request.
  Time since last request: 121.013845 seconds.
  path: Assets/Scenes/人物移動1.unity
  artifactKey: Guid(875b1316049c1ea4fbd69816828cbff2) Importer(815301076,1909f56bfc062723c751e8b465ee728b)
Start importing Assets/Scenes/人物移動1.unity using Guid(875b1316049c1ea4fbd69816828cbff2) Importer(815301076,1909f56bfc062723c751e8b465ee728b)  -> (artifact id: '21004f0a2db28599744a056d289adf7f') in 0.008403 seconds 
  Import took 0.011607 seconds .

========================================================================
Received Import Request.
  Time since last request: 44.854644 seconds.
  path: Assets/Scenes/TestScene.unity
  artifactKey: Guid(875b1316049c1ea4fbd69816828cbff2) Importer(815301076,1909f56bfc062723c751e8b465ee728b)
Start importing Assets/Scenes/TestScene.unity using Guid(875b1316049c1ea4fbd69816828cbff2) Importer(815301076,1909f56bfc062723c751e8b465ee728b)  -> (artifact id: '7e247c7afb956cce0804225a57ee8a27') in 0.004314 seconds 
  Import took 0.006783 seconds .

========================================================================
Received Import Request.
  Time since last request: 0.004931 seconds.
  path: Assets/Scenes/TestScene.unity
  artifactKey: Guid(875b1316049c1ea4fbd69816828cbff2) Importer(815301076,1909f56bfc062723c751e8b465ee728b)
Start importing Assets/Scenes/TestScene.unity using Guid(875b1316049c1ea4fbd69816828cbff2) Importer(815301076,1909f56bfc062723c751e8b465ee728b)  -> (artifact id: '7e247c7afb956cce0804225a57ee8a27') in 0.002177 seconds 
  Import took 0.004646 seconds .

========================================================================
Received Import Request.
  Time since last request: 62.621170 seconds.
  path: Assets/Material
  artifactKey: Guid(3f5540a17c07f5140aefa835b66d3d36) Importer(815301076,1909f56bfc062723c751e8b465ee728b)
Start importing Assets/Material using Guid(3f5540a17c07f5140aefa835b66d3d36) Importer(815301076,1909f56bfc062723c751e8b465ee728b)  -> (artifact id: '751f7b4128bf1a19b32df459295df620') in 0.007795 seconds 
  Import took 0.010110 seconds .

========================================================================
Received Prepare
Registering precompiled user dll's ...
Registered in 0.002955 seconds.
Begin MonoManager ReloadAssembly
Native extension for WindowsStandalone target not found
Native extension for WebGL target not found
Refreshing native plugins compatible for Editor in 0.34 ms, found 2 plugins.
Preloading 0 native plugins for Editor in 0.00 ms.
Mono: successfully reloaded assembly
- Completed reload, in  0.905 seconds
Domain Reload Profiling:
	ReloadAssembly (905ms)
		BeginReloadAssembly (108ms)
			ExecutionOrderSort (0ms)
			DisableScriptedObjects (4ms)
			BackupInstance (0ms)
			ReleaseScriptingObjects (0ms)
			CreateAndSetChildDomain (31ms)
		EndReloadAssembly (736ms)
			LoadAssemblies (74ms)
			RebuildTransferFunctionScriptingTraits (0ms)
			SetupTypeCache (229ms)
			ReleaseScriptCaches (1ms)
			RebuildScriptCaches (35ms)
			SetupLoadedEditorAssemblies (320ms)
				LogAssemblyErrors (0ms)
				InitializePlatformSupportModulesInManaged (5ms)
				SetLoadedEditorAssemblies (0ms)
				RefreshPlugins (0ms)
				BeforeProcessingInitializeOnLoad (62ms)
				ProcessInitializeOnLoadAttributes (244ms)
				ProcessInitializeOnLoadMethodAttributes (3ms)
				AfterProcessingInitializeOnLoad (5ms)
				EditorAssembliesLoaded (0ms)
			ExecutionOrderSort2 (0ms)
			AwakeInstancesAfterBackupRestoration (6ms)
Platform modules already initialized, skipping
Refreshing native plugins compatible for Editor in 0.33 ms, found 2 plugins.
Preloading 0 native plugins for Editor in 0.00 ms.
Unloading 1538 Unused Serialized files (Serialized files now loaded: 0)
System memory in use before: 69.5 MB.
System memory in use after: 69.6 MB.

Unloading 14 unused Assets to reduce memory usage. Loaded Objects now: 1981.
Total: 2.818100 ms (FindLiveObjects: 0.161900 ms CreateObjectMapping: 0.033400 ms MarkObjects: 2.600700 ms  DeleteObjects: 0.020800 ms)

AssetImportParameters requested are different than current active one (requested -> active):
  custom:framework-win-MediaFoundation: 216162199b28c13a410421893ffa2e32 -> 
  custom:video-decoder-ogg-theora: a1e56fd34408186e4bbccfd4996cb3dc -> 
  custom:container-muxer-webm: aa71ff27fc2769a1b78a27578f13a17b -> 
  custom:container-demuxer-webm: 4f35f7cbe854078d1ac9338744f61a02 -> 
  custom:container-demuxer-ogg: 62fdf1f143b41e24485cea50d1cbac27 -> 
  custom:video-encoder-webm-vp8: eb34c28f22e8b96e1ab97ce403110664 -> 
  custom:video-decoder-webm-vp8: 9c59270c3fd7afecdb556c50c9e8de78 -> 
  custom:audio-decoder-ogg-vorbis: bf7c407c2cedff20999df2af8eb42d56 -> 
  custom:audio-encoder-webm-vorbis: bf7c407c2cedff20999df2af8eb42d56 -> 
========================================================================
Received Import Request.
  Time since last request: 85.660766 seconds.
  path: Assets/Test
  artifactKey: Guid(0a97400aa7c4d2e4c861e3800bca59bb) Importer(815301076,1909f56bfc062723c751e8b465ee728b)
Start importing Assets/Test using Guid(0a97400aa7c4d2e4c861e3800bca59bb) Importer(815301076,1909f56bfc062723c751e8b465ee728b)  -> (artifact id: '8ce1620b195d1456e9addec0cdd3cca1') in 0.011024 seconds 
  Import took 0.013591 seconds .

========================================================================
Received Import Request.
  Time since last request: 59.045639 seconds.
  path: Assets/Script/ThirdPersonController.cs
  artifactKey: Guid(87973afc775eadb4c8e9dc82f9d17362) Importer(815301076,1909f56bfc062723c751e8b465ee728b)
Start importing Assets/Script/ThirdPersonController.cs using Guid(87973afc775eadb4c8e9dc82f9d17362) Importer(815301076,1909f56bfc062723c751e8b465ee728b)  -> (artifact id: '1d0983756e6a3a925458e8b88135bb8d') in 0.024765 seconds 
  Import took 0.027403 seconds .

========================================================================
Received Import Request.
  Time since last request: 0.004351 seconds.
  path: Assets/Script/ThirdPersonController.cs
  artifactKey: Guid(87973afc775eadb4c8e9dc82f9d17362) Importer(815301076,1909f56bfc062723c751e8b465ee728b)
Start importing Assets/Script/ThirdPersonController.cs using Guid(87973afc775eadb4c8e9dc82f9d17362) Importer(815301076,1909f56bfc062723c751e8b465ee728b)  -> (artifact id: '1d0983756e6a3a925458e8b88135bb8d') in 0.004229 seconds 
  Import took 0.006474 seconds .

========================================================================
Received Prepare
Registering precompiled user dll's ...
Registered in 0.002982 seconds.
Begin MonoManager ReloadAssembly
Native extension for WindowsStandalone target not found
Native extension for WebGL target not found
Refreshing native plugins compatible for Editor in 0.34 ms, found 2 plugins.
Preloading 0 native plugins for Editor in 0.00 ms.
Mono: successfully reloaded assembly
- Completed reload, in  0.899 seconds
Domain Reload Profiling:
	ReloadAssembly (899ms)
		BeginReloadAssembly (96ms)
			ExecutionOrderSort (0ms)
			DisableScriptedObjects (4ms)
			BackupInstance (0ms)
			ReleaseScriptingObjects (0ms)
			CreateAndSetChildDomain (30ms)
		EndReloadAssembly (748ms)
			LoadAssemblies (70ms)
			RebuildTransferFunctionScriptingTraits (0ms)
			SetupTypeCache (231ms)
			ReleaseScriptCaches (1ms)
			RebuildScriptCaches (36ms)
			SetupLoadedEditorAssemblies (328ms)
				LogAssemblyErrors (0ms)
				InitializePlatformSupportModulesInManaged (5ms)
				SetLoadedEditorAssemblies (0ms)
				RefreshPlugins (0ms)
				BeforeProcessingInitializeOnLoad (63ms)
				ProcessInitializeOnLoadAttributes (250ms)
				ProcessInitializeOnLoadMethodAttributes (3ms)
				AfterProcessingInitializeOnLoad (5ms)
				EditorAssembliesLoaded (0ms)
			ExecutionOrderSort2 (0ms)
			AwakeInstancesAfterBackupRestoration (6ms)
Platform modules already initialized, skipping
Refreshing native plugins compatible for Editor in 0.32 ms, found 2 plugins.
Preloading 0 native plugins for Editor in 0.00 ms.
Unloading 1538 Unused Serialized files (Serialized files now loaded: 0)
System memory in use before: 69.5 MB.
System memory in use after: 69.7 MB.

Unloading 14 unused Assets to reduce memory usage. Loaded Objects now: 1983.
Total: 3.350200 ms (FindLiveObjects: 0.161000 ms CreateObjectMapping: 0.033800 ms MarkObjects: 3.135800 ms  DeleteObjects: 0.018100 ms)

AssetImportParameters requested are different than current active one (requested -> active):
  custom:framework-win-MediaFoundation: 216162199b28c13a410421893ffa2e32 -> 
  custom:video-decoder-ogg-theora: a1e56fd34408186e4bbccfd4996cb3dc -> 
  custom:container-muxer-webm: aa71ff27fc2769a1b78a27578f13a17b -> 
  custom:container-demuxer-webm: 4f35f7cbe854078d1ac9338744f61a02 -> 
  custom:container-demuxer-ogg: 62fdf1f143b41e24485cea50d1cbac27 -> 
  custom:video-encoder-webm-vp8: eb34c28f22e8b96e1ab97ce403110664 -> 
  custom:video-decoder-webm-vp8: 9c59270c3fd7afecdb556c50c9e8de78 -> 
  custom:audio-decoder-ogg-vorbis: bf7c407c2cedff20999df2af8eb42d56 -> 
  custom:audio-encoder-webm-vorbis: bf7c407c2cedff20999df2af8eb42d56 -> 
========================================================================
Received Import Request.
  Time since last request: 30.981856 seconds.
  path: Assets/Script/ThirdPersonController.cs
  artifactKey: Guid(87973afc775eadb4c8e9dc82f9d17362) Importer(815301076,1909f56bfc062723c751e8b465ee728b)
Start importing Assets/Script/ThirdPersonController.cs using Guid(87973afc775eadb4c8e9dc82f9d17362) Importer(815301076,1909f56bfc062723c751e8b465ee728b)  -> (artifact id: 'e3fde54ad5f8ffdec7ef107bb85d6d57') in 0.004890 seconds 
  Import took 0.009752 seconds .

========================================================================
Received Prepare
Registering precompiled user dll's ...
Registered in 0.002998 seconds.
Begin MonoManager ReloadAssembly
Native extension for WindowsStandalone target not found
Native extension for WebGL target not found
Refreshing native plugins compatible for Editor in 0.32 ms, found 2 plugins.
Preloading 0 native plugins for Editor in 0.00 ms.
Mono: successfully reloaded assembly
- Completed reload, in  0.881 seconds
Domain Reload Profiling:
	ReloadAssembly (882ms)
		BeginReloadAssembly (91ms)
			ExecutionOrderSort (0ms)
			DisableScriptedObjects (4ms)
			BackupInstance (0ms)
			ReleaseScriptingObjects (0ms)
			CreateAndSetChildDomain (29ms)
		EndReloadAssembly (735ms)
			LoadAssemblies (70ms)
			RebuildTransferFunctionScriptingTraits (0ms)
			SetupTypeCache (226ms)
			ReleaseScriptCaches (1ms)
			RebuildScriptCaches (37ms)
			SetupLoadedEditorAssemblies (319ms)
				LogAssemblyErrors (0ms)
				InitializePlatformSupportModulesInManaged (5ms)
				SetLoadedEditorAssemblies (0ms)
				RefreshPlugins (0ms)
				BeforeProcessingInitializeOnLoad (63ms)
				ProcessInitializeOnLoadAttributes (242ms)
				ProcessInitializeOnLoadMethodAttributes (3ms)
				AfterProcessingInitializeOnLoad (5ms)
				EditorAssembliesLoaded (0ms)
			ExecutionOrderSort2 (0ms)
			AwakeInstancesAfterBackupRestoration (6ms)
Platform modules already initialized, skipping
Refreshing native plugins compatible for Editor in 0.33 ms, found 2 plugins.
Preloading 0 native plugins for Editor in 0.00 ms.
Unloading 1538 Unused Serialized files (Serialized files now loaded: 0)
System memory in use before: 69.6 MB.
System memory in use after: 69.7 MB.

Unloading 14 unused Assets to reduce memory usage. Loaded Objects now: 1985.
Total: 2.795200 ms (FindLiveObjects: 0.160800 ms CreateObjectMapping: 0.033200 ms MarkObjects: 2.580700 ms  DeleteObjects: 0.018500 ms)

AssetImportParameters requested are different than current active one (requested -> active):
  custom:framework-win-MediaFoundation: 216162199b28c13a410421893ffa2e32 -> 
  custom:video-decoder-ogg-theora: a1e56fd34408186e4bbccfd4996cb3dc -> 
  custom:container-muxer-webm: aa71ff27fc2769a1b78a27578f13a17b -> 
  custom:container-demuxer-webm: 4f35f7cbe854078d1ac9338744f61a02 -> 
  custom:container-demuxer-ogg: 62fdf1f143b41e24485cea50d1cbac27 -> 
  custom:video-encoder-webm-vp8: eb34c28f22e8b96e1ab97ce403110664 -> 
  custom:video-decoder-webm-vp8: 9c59270c3fd7afecdb556c50c9e8de78 -> 
  custom:audio-decoder-ogg-vorbis: bf7c407c2cedff20999df2af8eb42d56 -> 
  custom:audio-encoder-webm-vorbis: bf7c407c2cedff20999df2af8eb42d56 -> 
========================================================================
Received Import Request.
  Time since last request: 55.974927 seconds.
  path: Assets/Script/ThirdPersonController.cs
  artifactKey: Guid(87973afc775eadb4c8e9dc82f9d17362) Importer(815301076,1909f56bfc062723c751e8b465ee728b)
Start importing Assets/Script/ThirdPersonController.cs using Guid(87973afc775eadb4c8e9dc82f9d17362) Importer(815301076,1909f56bfc062723c751e8b465ee728b)  -> (artifact id: '3a5eb7656b3dbd9d9fa272b0a533eaf8') in 0.004404 seconds 
  Import took 0.007236 seconds .

========================================================================
Received Import Request.
  Time since last request: 88.111493 seconds.
  path: Assets/Test/Model@Idle.fbx
  artifactKey: Guid(e9547a52dc24dc24b92d8636dc27dd89) Importer(815301076,1909f56bfc062723c751e8b465ee728b)
Start importing Assets/Test/Model@Idle.fbx using Guid(e9547a52dc24dc24b92d8636dc27dd89) Importer(815301076,1909f56bfc062723c751e8b465ee728b)  -> (artifact id: 'a9df3ce4ef2b318018297ef50ba10e4f') in 0.033581 seconds 
  Import took 0.036400 seconds .

========================================================================
Received Import Request.
  Time since last request: 0.004602 seconds.
  path: Assets/Test/Model@Idle.fbx
  artifactKey: Guid(e9547a52dc24dc24b92d8636dc27dd89) Importer(815301076,1909f56bfc062723c751e8b465ee728b)
Start importing Assets/Test/Model@Idle.fbx using Guid(e9547a52dc24dc24b92d8636dc27dd89) Importer(815301076,1909f56bfc062723c751e8b465ee728b)  -> (artifact id: 'a9df3ce4ef2b318018297ef50ba10e4f') in 0.008278 seconds 
  Import took 0.011275 seconds .

========================================================================
Received Import Request.
  Time since last request: 0.512671 seconds.
  path: Assets/Test/Model.fbx
  artifactKey: Guid(0ef85d1bae2615c4a8575e1515d371a1) Importer(815301076,1909f56bfc062723c751e8b465ee728b)
Start importing Assets/Test/Model.fbx using Guid(0ef85d1bae2615c4a8575e1515d371a1) Importer(815301076,1909f56bfc062723c751e8b465ee728b)  -> (artifact id: 'efe25262df9be6f8c0a205bc12d5eb44') in 0.135711 seconds 
  Import took 0.138959 seconds .

========================================================================
Received Import Request.
  Time since last request: 7.106631 seconds.
  path: Assets/Test/Model.fbx
  artifactKey: Guid(0ef85d1bae2615c4a8575e1515d371a1) Importer(815301076,1909f56bfc062723c751e8b465ee728b)
Start importing Assets/Test/Model.fbx using Guid(0ef85d1bae2615c4a8575e1515d371a1) Importer(815301076,1909f56bfc062723c751e8b465ee728b)  -> (artifact id: 'cda0468d5404cf33af9e5714587b8b8c') in 0.028280 seconds 
  Import took 0.031026 seconds .

========================================================================
Received Import Request.
  Time since last request: 45.682696 seconds.
  path: Assets/Test/Model.controller
  artifactKey: Guid(8e3529c5a4c401c4f94e2e05efcf6ee4) Importer(815301076,1909f56bfc062723c751e8b465ee728b)
Start importing Assets/Test/Model.controller using Guid(8e3529c5a4c401c4f94e2e05efcf6ee4) Importer(815301076,1909f56bfc062723c751e8b465ee728b)  -> (artifact id: 'a08f60438dfe1d1c513f7bd2c87be743') in 0.007872 seconds 
  Import took 0.010575 seconds .

========================================================================
Received Import Request.
  Time since last request: 0.008668 seconds.
  path: Assets/Test/Model.controller
  artifactKey: Guid(8e3529c5a4c401c4f94e2e05efcf6ee4) Importer(815301076,1909f56bfc062723c751e8b465ee728b)
Start importing Assets/Test/Model.controller using Guid(8e3529c5a4c401c4f94e2e05efcf6ee4) Importer(815301076,1909f56bfc062723c751e8b465ee728b)  -> (artifact id: 'a08f60438dfe1d1c513f7bd2c87be743') in 0.003364 seconds 
  Import took 0.006083 seconds .

========================================================================
Received Import Request.
  Time since last request: 48.432365 seconds.
  path: Assets/Test/Model@Jumping.fbx
  artifactKey: Guid(401813801b92dcd47a4c7e98a44dc113) Importer(815301076,1909f56bfc062723c751e8b465ee728b)
Start importing Assets/Test/Model@Jumping.fbx using Guid(401813801b92dcd47a4c7e98a44dc113) Importer(815301076,1909f56bfc062723c751e8b465ee728b)  -> (artifact id: 'fbeefd352bfed37a0f34c62850e69b73') in 0.011013 seconds 
  Import took 0.014506 seconds .

========================================================================
Received Import Request.
  Time since last request: 0.005416 seconds.
  path: Assets/Test/Model@Jumping.fbx
  artifactKey: Guid(401813801b92dcd47a4c7e98a44dc113) Importer(815301076,1909f56bfc062723c751e8b465ee728b)
Start importing Assets/Test/Model@Jumping.fbx using Guid(401813801b92dcd47a4c7e98a44dc113) Importer(815301076,1909f56bfc062723c751e8b465ee728b)  -> (artifact id: 'fbeefd352bfed37a0f34c62850e69b73') in 0.006446 seconds 
  Import took 0.009668 seconds .

========================================================================
Received Import Request.
  Time since last request: 5.816203 seconds.
  path: Assets/Test/Model@Jumping.fbx
  artifactKey: Guid(401813801b92dcd47a4c7e98a44dc113) Importer(815301076,1909f56bfc062723c751e8b465ee728b)
Start importing Assets/Test/Model@Jumping.fbx using Guid(401813801b92dcd47a4c7e98a44dc113) Importer(815301076,1909f56bfc062723c751e8b465ee728b)  -> (artifact id: '5f6631fdbd8c4e65a15e092f1916d238') in 0.005932 seconds 
  Import took 0.008359 seconds .

========================================================================
Received Import Request.
  Time since last request: 0.036850 seconds.
  path: Assets/Test/Model@Jumping.fbx
  artifactKey: Guid(401813801b92dcd47a4c7e98a44dc113) Importer(815301076,1909f56bfc062723c751e8b465ee728b)
Start importing Assets/Test/Model@Jumping.fbx using Guid(401813801b92dcd47a4c7e98a44dc113) Importer(815301076,1909f56bfc062723c751e8b465ee728b)  -> (artifact id: '5f6631fdbd8c4e65a15e092f1916d238') in 0.006131 seconds 
  Import took 0.008568 seconds .

========================================================================
Received Import Request.
  Time since last request: 0.833360 seconds.
  path: Assets/Test/Model@Running.fbx
  artifactKey: Guid(3526af9ccbafa4f489c455652a30fbd2) Importer(815301076,1909f56bfc062723c751e8b465ee728b)
Start importing Assets/Test/Model@Running.fbx using Guid(3526af9ccbafa4f489c455652a30fbd2) Importer(815301076,1909f56bfc062723c751e8b465ee728b)  -> (artifact id: 'c157389b865cff82ebafc8ad40ae969b') in 0.010345 seconds 
  Import took 0.013386 seconds .

========================================================================
Received Import Request.
  Time since last request: 4.323541 seconds.
  path: Assets/Test/Model@Running.fbx
  artifactKey: Guid(3526af9ccbafa4f489c455652a30fbd2) Importer(815301076,1909f56bfc062723c751e8b465ee728b)
Start importing Assets/Test/Model@Running.fbx using Guid(3526af9ccbafa4f489c455652a30fbd2) Importer(815301076,1909f56bfc062723c751e8b465ee728b)  -> (artifact id: '9f9b8b38d68a90c9ed2870d4b9dc986f') in 0.006075 seconds 
  Import took 0.009166 seconds .

========================================================================
Received Import Request.
  Time since last request: 0.005028 seconds.
  path: Assets/Test/Model@Running.fbx
  artifactKey: Guid(3526af9ccbafa4f489c455652a30fbd2) Importer(815301076,1909f56bfc062723c751e8b465ee728b)
Start importing Assets/Test/Model@Running.fbx using Guid(3526af9ccbafa4f489c455652a30fbd2) Importer(815301076,1909f56bfc062723c751e8b465ee728b)  -> (artifact id: '9f9b8b38d68a90c9ed2870d4b9dc986f') in 0.005587 seconds 
  Import took 0.008129 seconds .

========================================================================
Received Import Request.
  Time since last request: 6.157994 seconds.
  path: Assets/Test/Model@Running.fbx
  artifactKey: Guid(3526af9ccbafa4f489c455652a30fbd2) Importer(815301076,1909f56bfc062723c751e8b465ee728b)
Start importing Assets/Test/Model@Running.fbx using Guid(3526af9ccbafa4f489c455652a30fbd2) Importer(815301076,1909f56bfc062723c751e8b465ee728b)  -> (artifact id: '6a0908487a9afcb51483afd1d25e2a57') in 0.006421 seconds 
  Import took 0.009581 seconds .

========================================================================
Received Import Request.
  Time since last request: 0.003941 seconds.
  path: Assets/Test/Model@Running.fbx
  artifactKey: Guid(3526af9ccbafa4f489c455652a30fbd2) Importer(815301076,1909f56bfc062723c751e8b465ee728b)
Start importing Assets/Test/Model@Running.fbx using Guid(3526af9ccbafa4f489c455652a30fbd2) Importer(815301076,1909f56bfc062723c751e8b465ee728b)  -> (artifact id: '6a0908487a9afcb51483afd1d25e2a57') in 0.005958 seconds 
  Import took 0.008909 seconds .

========================================================================
Received Import Request.
  Time since last request: 1.724063 seconds.
  path: Assets/Test/Model@Standing Melee Kick.fbx
  artifactKey: Guid(20e25125f2d553640bebdb487ea6eb66) Importer(815301076,1909f56bfc062723c751e8b465ee728b)
Start importing Assets/Test/Model@Standing Melee Kick.fbx using Guid(20e25125f2d553640bebdb487ea6eb66) Importer(815301076,1909f56bfc062723c751e8b465ee728b)  -> (artifact id: '2bdc48094e8c6ae2594f2953dac8d352') in 0.010398 seconds 
  Import took 0.013884 seconds .

========================================================================
Received Import Request.
  Time since last request: 3.858834 seconds.
  path: Assets/Test/Model@Standing Melee Kick.fbx
  artifactKey: Guid(20e25125f2d553640bebdb487ea6eb66) Importer(815301076,1909f56bfc062723c751e8b465ee728b)
Start importing Assets/Test/Model@Standing Melee Kick.fbx using Guid(20e25125f2d553640bebdb487ea6eb66) Importer(815301076,1909f56bfc062723c751e8b465ee728b)  -> (artifact id: 'd2083704cff59d1474255c3ee06c420b') in 0.006348 seconds 
  Import took 0.009399 seconds .

========================================================================
Received Import Request.
  Time since last request: 0.004640 seconds.
  path: Assets/Test/Model@Standing Melee Kick.fbx
  artifactKey: Guid(20e25125f2d553640bebdb487ea6eb66) Importer(815301076,1909f56bfc062723c751e8b465ee728b)
Start importing Assets/Test/Model@Standing Melee Kick.fbx using Guid(20e25125f2d553640bebdb487ea6eb66) Importer(815301076,1909f56bfc062723c751e8b465ee728b)  -> (artifact id: 'd2083704cff59d1474255c3ee06c420b') in 0.006775 seconds 
  Import took 0.009465 seconds .

========================================================================
Received Import Request.
  Time since last request: 10.457431 seconds.
  path: Assets/Test/Model@Standing Melee Kick.fbx
  artifactKey: Guid(20e25125f2d553640bebdb487ea6eb66) Importer(815301076,1909f56bfc062723c751e8b465ee728b)
Start importing Assets/Test/Model@Standing Melee Kick.fbx using Guid(20e25125f2d553640bebdb487ea6eb66) Importer(815301076,1909f56bfc062723c751e8b465ee728b)  -> (artifact id: 'fdb044052d1965f415a9a1c58522fa43') in 0.005969 seconds 
  Import took 0.009187 seconds .

========================================================================
Received Import Request.
  Time since last request: 0.030427 seconds.
  path: Assets/Test/Model@Standing Melee Kick.fbx
  artifactKey: Guid(20e25125f2d553640bebdb487ea6eb66) Importer(815301076,1909f56bfc062723c751e8b465ee728b)
Start importing Assets/Test/Model@Standing Melee Kick.fbx using Guid(20e25125f2d553640bebdb487ea6eb66) Importer(815301076,1909f56bfc062723c751e8b465ee728b)  -> (artifact id: 'fdb044052d1965f415a9a1c58522fa43') in 0.006117 seconds 
  Import took 0.008641 seconds .

========================================================================
Received Import Request.
  Time since last request: 47.981741 seconds.
  path: Assets/Test/Model@Idle.fbx
  artifactKey: Guid(e9547a52dc24dc24b92d8636dc27dd89) Importer(815301076,1909f56bfc062723c751e8b465ee728b)
Start importing Assets/Test/Model@Idle.fbx using Guid(e9547a52dc24dc24b92d8636dc27dd89) Importer(815301076,1909f56bfc062723c751e8b465ee728b)  -> (artifact id: '8433db9cc7dd4f329dcd7eda7b3adecb') in 0.006626 seconds 
  Import took 0.009651 seconds .

========================================================================
Received Import Request.
  Time since last request: 0.000461 seconds.
  path: Assets/Test/Model@Idle.fbx
  artifactKey: Guid(e9547a52dc24dc24b92d8636dc27dd89) Importer(815301076,1909f56bfc062723c751e8b465ee728b)
Start importing Assets/Test/Model@Idle.fbx using Guid(e9547a52dc24dc24b92d8636dc27dd89) Importer(815301076,1909f56bfc062723c751e8b465ee728b)  -> (artifact id: '8433db9cc7dd4f329dcd7eda7b3adecb') in 0.006233 seconds 
  Import took 0.008887 seconds .

========================================================================
Received Import Request.
  Time since last request: 60.787635 seconds.
  path: Assets/Test/Model.controller
  artifactKey: Guid(8e3529c5a4c401c4f94e2e05efcf6ee4) Importer(815301076,1909f56bfc062723c751e8b465ee728b)
Start importing Assets/Test/Model.controller using Guid(8e3529c5a4c401c4f94e2e05efcf6ee4) Importer(815301076,1909f56bfc062723c751e8b465ee728b)  -> (artifact id: 'd1701cfba336ea50c4432895cff631fc') in 0.002607 seconds 
  Import took 0.006005 seconds .

========================================================================
Received Prepare
Registering precompiled user dll's ...
Registered in 0.002916 seconds.
Begin MonoManager ReloadAssembly
Native extension for WindowsStandalone target not found
Native extension for WebGL target not found
Refreshing native plugins compatible for Editor in 0.33 ms, found 2 plugins.
Preloading 0 native plugins for Editor in 0.00 ms.
Mono: successfully reloaded assembly
- Completed reload, in  0.882 seconds
Domain Reload Profiling:
	ReloadAssembly (882ms)
		BeginReloadAssembly (102ms)
			ExecutionOrderSort (0ms)
			DisableScriptedObjects (3ms)
			BackupInstance (0ms)
			ReleaseScriptingObjects (0ms)
			CreateAndSetChildDomain (29ms)
		EndReloadAssembly (726ms)
			LoadAssemblies (70ms)
			RebuildTransferFunctionScriptingTraits (0ms)
			SetupTypeCache (225ms)
			ReleaseScriptCaches (1ms)
			RebuildScriptCaches (35ms)
			SetupLoadedEditorAssemblies (313ms)
				LogAssemblyErrors (0ms)
				InitializePlatformSupportModulesInManaged (5ms)
				SetLoadedEditorAssemblies (0ms)
				RefreshPlugins (0ms)
				BeforeProcessingInitializeOnLoad (63ms)
				ProcessInitializeOnLoadAttributes (236ms)
				ProcessInitializeOnLoadMethodAttributes (3ms)
				AfterProcessingInitializeOnLoad (5ms)
				EditorAssembliesLoaded (0ms)
			ExecutionOrderSort2 (0ms)
			AwakeInstancesAfterBackupRestoration (5ms)
Platform modules already initialized, skipping
Refreshing native plugins compatible for Editor in 0.32 ms, found 2 plugins.
Preloading 0 native plugins for Editor in 0.00 ms.
Unloading 1538 Unused Serialized files (Serialized files now loaded: 0)
System memory in use before: 86.7 MB.
System memory in use after: 86.8 MB.

Unloading 14 unused Assets to reduce memory usage. Loaded Objects now: 2031.
Total: 3.411700 ms (FindLiveObjects: 0.284300 ms CreateObjectMapping: 0.091400 ms MarkObjects: 3.016200 ms  DeleteObjects: 0.017800 ms)

AssetImportParameters requested are different than current active one (requested -> active):
  custom:framework-win-MediaFoundation: 216162199b28c13a410421893ffa2e32 -> 
  custom:video-decoder-ogg-theora: a1e56fd34408186e4bbccfd4996cb3dc -> 
  custom:container-muxer-webm: aa71ff27fc2769a1b78a27578f13a17b -> 
  custom:container-demuxer-webm: 4f35f7cbe854078d1ac9338744f61a02 -> 
  custom:container-demuxer-ogg: 62fdf1f143b41e24485cea50d1cbac27 -> 
  custom:video-encoder-webm-vp8: eb34c28f22e8b96e1ab97ce403110664 -> 
  custom:video-decoder-webm-vp8: 9c59270c3fd7afecdb556c50c9e8de78 -> 
  custom:audio-decoder-ogg-vorbis: bf7c407c2cedff20999df2af8eb42d56 -> 
  custom:audio-encoder-webm-vorbis: bf7c407c2cedff20999df2af8eb42d56 -> 
========================================================================
Received Import Request.
  Time since last request: 290.983488 seconds.
  path: Assets/Test/Model@Standing Melee Kick.fbx
  artifactKey: Guid(20e25125f2d553640bebdb487ea6eb66) Importer(815301076,1909f56bfc062723c751e8b465ee728b)
Start importing Assets/Test/Model@Standing Melee Kick.fbx using Guid(20e25125f2d553640bebdb487ea6eb66) Importer(815301076,1909f56bfc062723c751e8b465ee728b)  -> (artifact id: '423e04f189d46ab387844b67c4500507') in 0.025068 seconds 
  Import took 0.028019 seconds .

========================================================================
Received Import Request.
  Time since last request: 4.089425 seconds.
  path: Assets/Test/Model@Standing Melee Kick.fbx
  artifactKey: Guid(20e25125f2d553640bebdb487ea6eb66) Importer(815301076,1909f56bfc062723c751e8b465ee728b)
Start importing Assets/Test/Model@Standing Melee Kick.fbx using Guid(20e25125f2d553640bebdb487ea6eb66) Importer(815301076,1909f56bfc062723c751e8b465ee728b)  -> (artifact id: '66f67ae9f7415ea38b6ab0a302189a20') in 0.006122 seconds 
  Import took 0.008675 seconds .

========================================================================
Received Import Request.
  Time since last request: 0.015102 seconds.
  path: Assets/Test/Model@Standing Melee Kick.fbx
  artifactKey: Guid(20e25125f2d553640bebdb487ea6eb66) Importer(815301076,1909f56bfc062723c751e8b465ee728b)
Start importing Assets/Test/Model@Standing Melee Kick.fbx using Guid(20e25125f2d553640bebdb487ea6eb66) Importer(815301076,1909f56bfc062723c751e8b465ee728b)  -> (artifact id: '66f67ae9f7415ea38b6ab0a302189a20') in 0.006267 seconds 
  Import took 0.008718 seconds .

========================================================================
Received Prepare
Registering precompiled user dll's ...
Registered in 0.003022 seconds.
Begin MonoManager ReloadAssembly
Native extension for WindowsStandalone target not found
Native extension for WebGL target not found
Refreshing native plugins compatible for Editor in 0.36 ms, found 2 plugins.
Preloading 0 native plugins for Editor in 0.00 ms.
Mono: successfully reloaded assembly
- Completed reload, in  0.896 seconds
Domain Reload Profiling:
	ReloadAssembly (896ms)
		BeginReloadAssembly (104ms)
			ExecutionOrderSort (0ms)
			DisableScriptedObjects (4ms)
			BackupInstance (0ms)
			ReleaseScriptingObjects (0ms)
			CreateAndSetChildDomain (32ms)
		EndReloadAssembly (736ms)
			LoadAssemblies (75ms)
			RebuildTransferFunctionScriptingTraits (0ms)
			SetupTypeCache (230ms)
			ReleaseScriptCaches (1ms)
			RebuildScriptCaches (35ms)
			SetupLoadedEditorAssemblies (314ms)
				LogAssemblyErrors (0ms)
				InitializePlatformSupportModulesInManaged (5ms)
				SetLoadedEditorAssemblies (1ms)
				RefreshPlugins (0ms)
				BeforeProcessingInitializeOnLoad (62ms)
				ProcessInitializeOnLoadAttributes (238ms)
				ProcessInitializeOnLoadMethodAttributes (3ms)
				AfterProcessingInitializeOnLoad (5ms)
				EditorAssembliesLoaded (0ms)
			ExecutionOrderSort2 (0ms)
			AwakeInstancesAfterBackupRestoration (6ms)
Platform modules already initialized, skipping
Refreshing native plugins compatible for Editor in 0.33 ms, found 2 plugins.
Preloading 0 native plugins for Editor in 0.00 ms.
Unloading 1538 Unused Serialized files (Serialized files now loaded: 0)
System memory in use before: 86.7 MB.
System memory in use after: 86.8 MB.

Unloading 14 unused Assets to reduce memory usage. Loaded Objects now: 2033.
Total: 3.201700 ms (FindLiveObjects: 0.218300 ms CreateObjectMapping: 0.069600 ms MarkObjects: 2.892500 ms  DeleteObjects: 0.019800 ms)

AssetImportParameters requested are different than current active one (requested -> active):
  custom:framework-win-MediaFoundation: 216162199b28c13a410421893ffa2e32 -> 
  custom:video-decoder-ogg-theora: a1e56fd34408186e4bbccfd4996cb3dc -> 
  custom:container-muxer-webm: aa71ff27fc2769a1b78a27578f13a17b -> 
  custom:container-demuxer-webm: 4f35f7cbe854078d1ac9338744f61a02 -> 
  custom:container-demuxer-ogg: 62fdf1f143b41e24485cea50d1cbac27 -> 
  custom:video-encoder-webm-vp8: eb34c28f22e8b96e1ab97ce403110664 -> 
  custom:video-decoder-webm-vp8: 9c59270c3fd7afecdb556c50c9e8de78 -> 
  custom:audio-decoder-ogg-vorbis: bf7c407c2cedff20999df2af8eb42d56 -> 
  custom:audio-encoder-webm-vorbis: bf7c407c2cedff20999df2af8eb42d56 -> 
========================================================================
Received Import Request.
  Time since last request: 100.867802 seconds.
  path: Assets/Test/Model@Running.fbx
  artifactKey: Guid(3526af9ccbafa4f489c455652a30fbd2) Importer(815301076,1909f56bfc062723c751e8b465ee728b)
Start importing Assets/Test/Model@Running.fbx using Guid(3526af9ccbafa4f489c455652a30fbd2) Importer(815301076,1909f56bfc062723c751e8b465ee728b)  -> (artifact id: '9e080f7c2f1ba2bbef9a3ecee2932104') in 0.023855 seconds 
  Import took 0.026516 seconds .

========================================================================
Received Import Request.
  Time since last request: 0.004123 seconds.
  path: Assets/Test/Model@Running.fbx
  artifactKey: Guid(3526af9ccbafa4f489c455652a30fbd2) Importer(815301076,1909f56bfc062723c751e8b465ee728b)
Start importing Assets/Test/Model@Running.fbx using Guid(3526af9ccbafa4f489c455652a30fbd2) Importer(815301076,1909f56bfc062723c751e8b465ee728b)  -> (artifact id: '9e080f7c2f1ba2bbef9a3ecee2932104') in 0.006787 seconds 
  Import took 0.009501 seconds .

========================================================================
Received Prepare
Registering precompiled user dll's ...
Registered in 0.002882 seconds.
Begin MonoManager ReloadAssembly
Native extension for WindowsStandalone target not found
Native extension for WebGL target not found
Refreshing native plugins compatible for Editor in 0.38 ms, found 2 plugins.
Preloading 0 native plugins for Editor in 0.00 ms.
Mono: successfully reloaded assembly
- Completed reload, in  0.966 seconds
Domain Reload Profiling:
	ReloadAssembly (967ms)
		BeginReloadAssembly (100ms)
			ExecutionOrderSort (0ms)
			DisableScriptedObjects (4ms)
			BackupInstance (0ms)
			ReleaseScriptingObjects (0ms)
			CreateAndSetChildDomain (27ms)
		EndReloadAssembly (813ms)
			LoadAssemblies (68ms)
			RebuildTransferFunctionScriptingTraits (0ms)
			SetupTypeCache (226ms)
			ReleaseScriptCaches (1ms)
			RebuildScriptCaches (36ms)
			SetupLoadedEditorAssemblies (391ms)
				LogAssemblyErrors (0ms)
				InitializePlatformSupportModulesInManaged (6ms)
				SetLoadedEditorAssemblies (0ms)
				RefreshPlugins (0ms)
				BeforeProcessingInitializeOnLoad (68ms)
				ProcessInitializeOnLoadAttributes (307ms)
				ProcessInitializeOnLoadMethodAttributes (3ms)
				AfterProcessingInitializeOnLoad (6ms)
				EditorAssembliesLoaded (0ms)
			ExecutionOrderSort2 (0ms)
			AwakeInstancesAfterBackupRestoration (6ms)
Platform modules already initialized, skipping
Refreshing native plugins compatible for Editor in 0.46 ms, found 2 plugins.
Preloading 0 native plugins for Editor in 0.00 ms.
Unloading 1538 Unused Serialized files (Serialized files now loaded: 0)
System memory in use before: 86.7 MB.
System memory in use after: 86.8 MB.

Unloading 14 unused Assets to reduce memory usage. Loaded Objects now: 2035.
Total: 4.228500 ms (FindLiveObjects: 0.239900 ms CreateObjectMapping: 0.062800 ms MarkObjects: 3.898700 ms  DeleteObjects: 0.025200 ms)

AssetImportParameters requested are different than current active one (requested -> active):
  custom:framework-win-MediaFoundation: 216162199b28c13a410421893ffa2e32 -> 
  custom:video-decoder-ogg-theora: a1e56fd34408186e4bbccfd4996cb3dc -> 
  custom:container-muxer-webm: aa71ff27fc2769a1b78a27578f13a17b -> 
  custom:container-demuxer-webm: 4f35f7cbe854078d1ac9338744f61a02 -> 
  custom:container-demuxer-ogg: 62fdf1f143b41e24485cea50d1cbac27 -> 
  custom:video-encoder-webm-vp8: eb34c28f22e8b96e1ab97ce403110664 -> 
  custom:video-decoder-webm-vp8: 9c59270c3fd7afecdb556c50c9e8de78 -> 
  custom:audio-decoder-ogg-vorbis: bf7c407c2cedff20999df2af8eb42d56 -> 
  custom:audio-encoder-webm-vorbis: bf7c407c2cedff20999df2af8eb42d56 -> 
========================================================================
Received Import Request.
  Time since last request: 8.065108 seconds.
  path: Assets/Test/Model@Running.fbx
  artifactKey: Guid(3526af9ccbafa4f489c455652a30fbd2) Importer(815301076,1909f56bfc062723c751e8b465ee728b)
Start importing Assets/Test/Model@Running.fbx using Guid(3526af9ccbafa4f489c455652a30fbd2) Importer(815301076,1909f56bfc062723c751e8b465ee728b)  -> (artifact id: 'be5ba888eda983684c798a41d8e5f490') in 0.026810 seconds 
  Import took 0.030761 seconds .

========================================================================
Received Prepare
Registering precompiled user dll's ...
Registered in 0.002817 seconds.
Begin MonoManager ReloadAssembly
Native extension for WindowsStandalone target not found
Native extension for WebGL target not found
Refreshing native plugins compatible for Editor in 0.33 ms, found 2 plugins.
Preloading 0 native plugins for Editor in 0.00 ms.
Mono: successfully reloaded assembly
- Completed reload, in  0.884 seconds
Domain Reload Profiling:
	ReloadAssembly (885ms)
		BeginReloadAssembly (99ms)
			ExecutionOrderSort (0ms)
			DisableScriptedObjects (5ms)
			BackupInstance (0ms)
			ReleaseScriptingObjects (0ms)
			CreateAndSetChildDomain (27ms)
		EndReloadAssembly (726ms)
			LoadAssemblies (69ms)
			RebuildTransferFunctionScriptingTraits (0ms)
			SetupTypeCache (225ms)
			ReleaseScriptCaches (1ms)
			RebuildScriptCaches (38ms)
			SetupLoadedEditorAssemblies (311ms)
				LogAssemblyErrors (0ms)
				InitializePlatformSupportModulesInManaged (5ms)
				SetLoadedEditorAssemblies (0ms)
				RefreshPlugins (0ms)
				BeforeProcessingInitializeOnLoad (62ms)
				ProcessInitializeOnLoadAttributes (235ms)
				ProcessInitializeOnLoadMethodAttributes (3ms)
				AfterProcessingInitializeOnLoad (5ms)
				EditorAssembliesLoaded (0ms)
			ExecutionOrderSort2 (0ms)
			AwakeInstancesAfterBackupRestoration (5ms)
Platform modules already initialized, skipping
Refreshing native plugins compatible for Editor in 0.34 ms, found 2 plugins.
Preloading 0 native plugins for Editor in 0.00 ms.
Unloading 1538 Unused Serialized files (Serialized files now loaded: 0)
System memory in use before: 86.7 MB.
System memory in use after: 86.8 MB.

Unloading 14 unused Assets to reduce memory usage. Loaded Objects now: 2037.
Total: 3.690800 ms (FindLiveObjects: 0.276000 ms CreateObjectMapping: 0.094300 ms MarkObjects: 3.294400 ms  DeleteObjects: 0.023600 ms)

AssetImportParameters requested are different than current active one (requested -> active):
  custom:framework-win-MediaFoundation: 216162199b28c13a410421893ffa2e32 -> 
  custom:video-decoder-ogg-theora: a1e56fd34408186e4bbccfd4996cb3dc -> 
  custom:container-muxer-webm: aa71ff27fc2769a1b78a27578f13a17b -> 
  custom:container-demuxer-webm: 4f35f7cbe854078d1ac9338744f61a02 -> 
  custom:container-demuxer-ogg: 62fdf1f143b41e24485cea50d1cbac27 -> 
  custom:video-encoder-webm-vp8: eb34c28f22e8b96e1ab97ce403110664 -> 
  custom:video-decoder-webm-vp8: 9c59270c3fd7afecdb556c50c9e8de78 -> 
  custom:audio-decoder-ogg-vorbis: bf7c407c2cedff20999df2af8eb42d56 -> 
  custom:audio-encoder-webm-vorbis: bf7c407c2cedff20999df2af8eb42d56 -> 
========================================================================
Received Prepare
Registering precompiled user dll's ...
Registered in 0.002980 seconds.
Begin MonoManager ReloadAssembly
Native extension for WindowsStandalone target not found
Native extension for WebGL target not found
Refreshing native plugins compatible for Editor in 0.51 ms, found 2 plugins.
Preloading 0 native plugins for Editor in 0.00 ms.
Mono: successfully reloaded assembly
- Completed reload, in  1.492 seconds
Domain Reload Profiling:
	ReloadAssembly (1493ms)
		BeginReloadAssembly (150ms)
			ExecutionOrderSort (0ms)
			DisableScriptedObjects (6ms)
			BackupInstance (0ms)
			ReleaseScriptingObjects (0ms)
			CreateAndSetChildDomain (42ms)
		EndReloadAssembly (1254ms)
			LoadAssemblies (113ms)
			RebuildTransferFunctionScriptingTraits (0ms)
			SetupTypeCache (334ms)
			ReleaseScriptCaches (1ms)
			RebuildScriptCaches (62ms)
			SetupLoadedEditorAssemblies (611ms)
				LogAssemblyErrors (0ms)
				InitializePlatformSupportModulesInManaged (11ms)
				SetLoadedEditorAssemblies (1ms)
				RefreshPlugins (1ms)
				BeforeProcessingInitializeOnLoad (126ms)
				ProcessInitializeOnLoadAttributes (458ms)
				ProcessInitializeOnLoadMethodAttributes (6ms)
				AfterProcessingInitializeOnLoad (8ms)
				EditorAssembliesLoaded (0ms)
			ExecutionOrderSort2 (0ms)
			AwakeInstancesAfterBackupRestoration (9ms)
Platform modules already initialized, skipping
Refreshing native plugins compatible for Editor in 0.47 ms, found 2 plugins.
Preloading 0 native plugins for Editor in 0.00 ms.
Unloading 1538 Unused Serialized files (Serialized files now loaded: 0)
System memory in use before: 86.7 MB.
System memory in use after: 86.8 MB.

Unloading 14 unused Assets to reduce memory usage. Loaded Objects now: 2039.
Total: 4.142200 ms (FindLiveObjects: 0.233900 ms CreateObjectMapping: 0.057900 ms MarkObjects: 3.825000 ms  DeleteObjects: 0.023400 ms)

AssetImportParameters requested are different than current active one (requested -> active):
  custom:framework-win-MediaFoundation: 216162199b28c13a410421893ffa2e32 -> 
  custom:video-decoder-ogg-theora: a1e56fd34408186e4bbccfd4996cb3dc -> 
  custom:container-muxer-webm: aa71ff27fc2769a1b78a27578f13a17b -> 
  custom:container-demuxer-webm: 4f35f7cbe854078d1ac9338744f61a02 -> 
  custom:container-demuxer-ogg: 62fdf1f143b41e24485cea50d1cbac27 -> 
  custom:video-encoder-webm-vp8: eb34c28f22e8b96e1ab97ce403110664 -> 
  custom:video-decoder-webm-vp8: 9c59270c3fd7afecdb556c50c9e8de78 -> 
  custom:audio-decoder-ogg-vorbis: bf7c407c2cedff20999df2af8eb42d56 -> 
  custom:audio-encoder-webm-vorbis: bf7c407c2cedff20999df2af8eb42d56 -> 
AssetImportWorkerClient::OnTransportError - code=2 error=End of file
